0 info it worked if it ends with ok
1 verbose cli [ '/Users/christinemoses/.nvm/versions/node/v4.2.2/bin/node',
1 verbose cli   '/Users/christinemoses/.nvm/versions/node/v4.2.2/bin/npm',
1 verbose cli   'start' ]
2 info using npm@3.4.1
3 info using node@v4.2.2
4 verbose config Skipping project config: /Users/christinemoses/.npmrc. (matches userconfig)
5 verbose stack Error: ENOENT: no such file or directory, open '/Users/christinemoses/package.json'
5 verbose stack     at Error (native)
6 verbose cwd /Users/christinemoses/WDI/project-4/project4-front-end
7 error Darwin 14.5.0
8 error argv "/Users/christinemoses/.nvm/versions/node/v4.2.2/bin/node" "/Users/christinemoses/.nvm/versions/node/v4.2.2/bin/npm" "start"
9 error node v4.2.2
10 error npm  v3.4.1
11 error path /Users/christinemoses/package.json
12 error code ENOENT
13 error errno -2
14 error syscall open
15 error enoent ENOENT: no such file or directory, open '/Users/christinemoses/package.json'
15 error enoent This is most likely not a problem with npm itself
15 error enoent and is related to npm not being able to find a file.
16 verbose exit [ -2, true ]
